2025-12-16 09:11:22 INFO  o.s.b.d.a.LocalDevToolsAutoConfiguration$RestartingClassPathChangeChangedEventListener Restarting due to 1 class path change (0 additions, 0 deletions, 1 modification)
2025-12-16 09:11:22 INFO  o.s.boot.tomcat.GracefulShutdown Commencing graceful shutdown. Waiting for active requests to complete
2025-12-16 09:11:22 INFO  o.s.boot.tomcat.GracefulShutdown Graceful shutdown complete
2025-12-16 09:11:22 INFO  o.s.o.j.LocalContainerEntityManagerFactoryBean Closing JPA EntityManagerFactory for persistence unit 'default'
2025-12-16 09:11:22 INFO  com.zaxxer.hikari.HikariDataSource HikariPool-36 - Shutdown initiated...
2025-12-16 09:11:22 INFO  com.zaxxer.hikari.HikariDataSource HikariPool-36 - Shutdown completed.
2025-12-16 09:11:22 INFO  c.m.EmployeeManagementAppApplication Starting EmployeeManagementAppApplication using Java 21.0.4 with PID 1568 (C:\Users\praveennayagam.c1\git\AssignmentsRepo\EmployeeManagementApp\target\classes started by praveennayagam.c1 in C:\Users\praveennayagam.c1\git\AssignmentsRepo\EmployeeManagementApp)
2025-12-16 09:11:22 DEBUG c.m.EmployeeManagementAppApplication Running with Spring Boot v4.0.0, Spring v7.0.1
2025-12-16 09:11:22 INFO  c.m.EmployeeManagementAppApplication No active profile set, falling back to 1 default profile: "default"
2025-12-16 09:11:22 INFO  o.s.d.r.c.RepositoryConfigurationDelegate Bootstrapping Spring Data JPA repositories in DEFAULT mode.
2025-12-16 09:11:22 INFO  o.s.d.r.c.RepositoryConfigurationDelegate Finished Spring Data repository scanning in 11 ms. Found 1 JPA repository interface.
2025-12-16 09:11:22 INFO  o.s.boot.tomcat.TomcatWebServer Tomcat initialized with port 0 (http)
2025-12-16 09:11:22 INFO  o.a.catalina.core.StandardService Starting service [Tomcat]
2025-12-16 09:11:22 INFO  o.a.catalina.core.StandardEngine Starting Servlet engine: [Apache Tomcat/11.0.14]
2025-12-16 09:11:22 INFO  o.s.b.w.c.s.WebApplicationContextInitializer Root WebApplicationContext: initialization completed in 460 ms
2025-12-16 09:11:22 INFO  o.h.jpa.internal.util.LogHelper HHH000204: Processing PersistenceUnitInfo [name: default]
2025-12-16 09:11:22 INFO  o.s.o.j.p.SpringPersistenceUnitInfo No LoadTimeWeaver setup: ignoring JPA class transformer
2025-12-16 09:11:23 INFO  com.zaxxer.hikari.HikariDataSource HikariPool-37 - Starting...
2025-12-16 09:11:23 INFO  com.zaxxer.hikari.pool.HikariPool HikariPool-37 - Added connection com.mysql.cj.jdbc.ConnectionImpl@ca635b3
2025-12-16 09:11:23 INFO  com.zaxxer.hikari.HikariDataSource HikariPool-37 - Start completed.
2025-12-16 09:11:23 WARN  org.hibernate.orm.deprecation HHH90000025: MySQLDialect does not need to be specified explicitly using 'hibernate.dialect' (remove the property setting and it will be selected by default)
2025-12-16 09:11:23 INFO  o.hibernate.orm.connections.pooling HHH10001005: Database info:
	Database JDBC URL [jdbc:mysql://localhost:3306/mphasis_springdb]
	Database driver: MySQL Connector/J
	Database dialect: MySQLDialect
	Database version: 8.0.42
	Default catalog/schema: mphasis_springdb/undefined
	Autocommit mode: undefined/unknown
	Isolation level: REPEATABLE_READ [default REPEATABLE_READ]
	JDBC fetch size: none
	Pool: DatasourceConnectionProviderImpl
	Minimum pool size: undefined/unknown
	Maximum pool size: undefined/unknown
2025-12-16 09:11:23 INFO  o.h.e.t.j.p.i.JtaPlatformInitiator HHH000489: No JTA platform available (set 'hibernate.transaction.jta.platform' to enable JTA platform integration)
2025-12-16 09:11:23 INFO  o.s.o.j.LocalContainerEntityManagerFactoryBean Initialized JPA EntityManagerFactory for persistence unit 'default'
2025-12-16 09:11:23 WARN  o.s.b.j.a.JpaBaseConfiguration$JpaWebConfiguration spring.jpa.open-in-view is enabled by default. Therefore, database queries may be performed during view rendering. Explicitly configure spring.jpa.open-in-view to disable this warning
2025-12-16 09:11:23 INFO  o.s.b.h.a.H2ConsoleAutoConfiguration H2 console available at '/h2-console'. Database available at 'jdbc:mysql://localhost:3306/mphasis_springdb'
2025-12-16 09:11:23 INFO  o.s.boot.tomcat.TomcatWebServer Tomcat started on port 57898 (http) with context path '/'
2025-12-16 09:11:23 INFO  c.m.EmployeeManagementAppApplication Started EmployeeManagementAppApplication in 1.237 seconds (process running for 57524.484)
2025-12-16 09:11:23 INFO  o.s.b.d.a.ConditionEvaluationDeltaLoggingListener Condition evaluation unchanged
2025-12-16 14:22:29 INFO  o.s.b.d.a.LocalDevToolsAutoConfiguration$RestartingClassPathChangeChangedEventListener Restarting due to 8 class path changes (0 additions, 1 deletion, 7 modifications)
2025-12-16 14:22:30 INFO  o.s.boot.tomcat.GracefulShutdown Commencing graceful shutdown. Waiting for active requests to complete
2025-12-16 14:22:31 INFO  o.s.boot.tomcat.GracefulShutdown Graceful shutdown complete
2025-12-16 14:22:31 INFO  o.s.o.j.LocalContainerEntityManagerFactoryBean Closing JPA EntityManagerFactory for persistence unit 'default'
2025-12-16 14:22:31 INFO  com.zaxxer.hikari.HikariDataSource HikariPool-37 - Shutdown initiated...
2025-12-16 14:22:31 INFO  com.zaxxer.hikari.HikariDataSource HikariPool-37 - Shutdown completed.
2025-12-16 14:22:31 INFO  c.m.EmployeeManagementAppApplication Starting EmployeeManagementAppApplication using Java 21.0.4 with PID 1568 (C:\Users\praveennayagam.c1\git\AssignmentsRepo\EmployeeManagementApp\target\classes started by praveennayagam.c1 in C:\Users\praveennayagam.c1\git\AssignmentsRepo\EmployeeManagementApp)
2025-12-16 14:22:31 DEBUG c.m.EmployeeManagementAppApplication Running with Spring Boot v4.0.0, Spring v7.0.1
2025-12-16 14:22:31 INFO  c.m.EmployeeManagementAppApplication No active profile set, falling back to 1 default profile: "default"
2025-12-16 14:22:32 INFO  o.s.d.r.c.RepositoryConfigurationDelegate Bootstrapping Spring Data JPA repositories in DEFAULT mode.
2025-12-16 14:22:32 INFO  o.s.d.r.c.RepositoryConfigurationDelegate Finished Spring Data repository scanning in 13 ms. Found 1 JPA repository interface.
2025-12-16 14:22:32 INFO  o.s.boot.tomcat.TomcatWebServer Tomcat initialized with port 0 (http)
2025-12-16 14:22:32 INFO  o.a.catalina.core.StandardService Starting service [Tomcat]
2025-12-16 14:22:32 INFO  o.a.catalina.core.StandardEngine Starting Servlet engine: [Apache Tomcat/11.0.14]
2025-12-16 14:22:32 INFO  o.s.b.w.c.s.WebApplicationContextInitializer Root WebApplicationContext: initialization completed in 1107 ms
2025-12-16 14:22:33 INFO  o.h.jpa.internal.util.LogHelper HHH000204: Processing PersistenceUnitInfo [name: default]
2025-12-16 14:22:33 INFO  o.s.o.j.p.SpringPersistenceUnitInfo No LoadTimeWeaver setup: ignoring JPA class transformer
2025-12-16 14:22:33 INFO  com.zaxxer.hikari.HikariDataSource HikariPool-38 - Starting...
2025-12-16 14:22:33 INFO  com.zaxxer.hikari.pool.HikariPool HikariPool-38 - Added connection com.mysql.cj.jdbc.ConnectionImpl@75ed5528
2025-12-16 14:22:33 INFO  com.zaxxer.hikari.HikariDataSource HikariPool-38 - Start completed.
2025-12-16 14:22:33 WARN  org.hibernate.orm.deprecation HHH90000025: MySQLDialect does not need to be specified explicitly using 'hibernate.dialect' (remove the property setting and it will be selected by default)
2025-12-16 14:22:33 INFO  o.hibernate.orm.connections.pooling HHH10001005: Database info:
	Database JDBC URL [jdbc:mysql://localhost:3306/mphasis_springdb]
	Database driver: MySQL Connector/J
	Database dialect: MySQLDialect
	Database version: 8.0.42
	Default catalog/schema: mphasis_springdb/undefined
	Autocommit mode: undefined/unknown
	Isolation level: REPEATABLE_READ [default REPEATABLE_READ]
	JDBC fetch size: none
	Pool: DatasourceConnectionProviderImpl
	Minimum pool size: undefined/unknown
	Maximum pool size: undefined/unknown
2025-12-16 14:22:33 INFO  o.h.e.t.j.p.i.JtaPlatformInitiator HHH000489: No JTA platform available (set 'hibernate.transaction.jta.platform' to enable JTA platform integration)
2025-12-16 14:22:33 INFO  o.s.o.j.LocalContainerEntityManagerFactoryBean Initialized JPA EntityManagerFactory for persistence unit 'default'
2025-12-16 14:22:33 WARN  o.s.b.j.a.JpaBaseConfiguration$JpaWebConfiguration spring.jpa.open-in-view is enabled by default. Therefore, database queries may be performed during view rendering. Explicitly configure spring.jpa.open-in-view to disable this warning
2025-12-16 14:22:34 INFO  o.s.b.h.a.H2ConsoleAutoConfiguration H2 console available at '/h2-console'. Database available at 'jdbc:mysql://localhost:3306/mphasis_springdb'
2025-12-16 14:22:34 INFO  o.s.boot.tomcat.TomcatWebServer Tomcat started on port 64073 (http) with context path '/'
2025-12-16 14:22:34 INFO  c.m.EmployeeManagementAppApplication Started EmployeeManagementAppApplication in 2.55 seconds (process running for 76195.267)
2025-12-16 14:22:34 INFO  o.s.b.d.a.ConditionEvaluationDeltaLoggingListener Condition evaluation unchanged
